2025-11-11T00:21:02.362+08:00  INFO 38504 --- [traffic-api] [SpringApplicationShutdownHook] o.s.b.w.e.tomcat.GracefulShutdown        : Commencing graceful shutdown. Waiting for active requests to complete
2025-11-11T00:21:02.385+08:00  INFO 38504 --- [traffic-api] [tomcat-shutdown] o.s.b.w.e.tomcat.GracefulShutdown        : Graceful shutdown complete
2025-11-11T00:21:02.387+08:00  INFO 38504 --- [traffic-api] [SpringApplicationShutdownHook] j.LocalContainerEntityManagerFactoryBean : Closing JPA EntityManagerFactory for persistence unit 'default'
2025-11-11T00:21:02.391+08:00  INFO 38504 --- [traffic-api] [SpringApplicationShutdownHook] com.zaxxer.hikari.HikariDataSource       : HikariPool-1 - Shutdown initiated...
2025-11-11T00:21:02.393+08:00  INFO 38504 --- [traffic-api] [SpringApplicationShutdownHook] com.zaxxer.hikari.HikariDataSource       : HikariPool-1 - Shutdown completed.
2025-11-11T00:21:12.600+08:00  INFO 31488 --- [traffic-api] [main] c.e.traffic_api.TrafficApiApplication    : Starting TrafficApiApplication using Java 24.0.1 with PID 31488 (C:\Users\cindy\OneDrive\Desktop\專案\台中市交通事故分析系統\backend\traffic-api\target\classes started by cindy in C:\Users\cindy\OneDrive\Desktop\專案\台中市交通事故分析系統\backend\traffic-api)
2025-11-11T00:21:12.603+08:00  INFO 31488 --- [traffic-api] [main] c.e.traffic_api.TrafficApiApplication    : No active profile set, falling back to 1 default profile: "default"
2025-11-11T00:21:13.115+08:00  INFO 31488 --- [traffic-api] [main] .s.d.r.c.RepositoryConfigurationDelegate : Bootstrapping Spring Data JPA repositories in DEFAULT mode.
2025-11-11T00:21:13.164+08:00  INFO 31488 --- [traffic-api] [main] .s.d.r.c.RepositoryConfigurationDelegate : Finished Spring Data repository scanning in 41 ms. Found 1 JPA repository interface.
2025-11-11T00:21:13.736+08:00  INFO 31488 --- [traffic-api] [main] o.s.b.w.embedded.tomcat.TomcatWebServer  : Tomcat initialized with port 8080 (http)
2025-11-11T00:21:13.751+08:00  INFO 31488 --- [traffic-api] [main] o.apache.catalina.core.StandardService   : Starting service [Tomcat]
2025-11-11T00:21:13.752+08:00  INFO 31488 --- [traffic-api] [main] o.apache.catalina.core.StandardEngine    : Starting Servlet engine: [Apache Tomcat/10.1.46]
2025-11-11T00:21:13.810+08:00  INFO 31488 --- [traffic-api] [main] o.a.c.c.C.[Tomcat].[localhost].[/]       : Initializing Spring embedded WebApplicationContext
2025-11-11T00:21:13.811+08:00  INFO 31488 --- [traffic-api] [main] w.s.c.ServletWebServerApplicationContext : Root WebApplicationContext: initialization completed in 1149 ms
2025-11-11T00:21:13.964+08:00  INFO 31488 --- [traffic-api] [main] o.hibernate.jpa.internal.util.LogHelper  : HHH000204: Processing PersistenceUnitInfo [name: default]
2025-11-11T00:21:14.013+08:00  INFO 31488 --- [traffic-api] [main] org.hibernate.Version                    : HHH000412: Hibernate ORM core version 6.6.29.Final
2025-11-11T00:21:14.044+08:00  INFO 31488 --- [traffic-api] [main] o.h.c.internal.RegionFactoryInitiator    : HHH000026: Second-level cache disabled
2025-11-11T00:21:14.301+08:00  INFO 31488 --- [traffic-api] [main] o.s.o.j.p.SpringPersistenceUnitInfo      : No LoadTimeWeaver setup: ignoring JPA class transformer
2025-11-11T00:21:14.329+08:00  INFO 31488 --- [traffic-api] [main] com.zaxxer.hikari.HikariDataSource       : HikariPool-1 - Starting...
2025-11-11T00:21:14.511+08:00  INFO 31488 --- [traffic-api] [main] com.zaxxer.hikari.pool.HikariPool        : HikariPool-1 - Added connection conn0: url=jdbc:h2:mem:testdb user=SA
2025-11-11T00:21:14.513+08:00  INFO 31488 --- [traffic-api] [main] com.zaxxer.hikari.HikariDataSource       : HikariPool-1 - Start completed.
2025-11-11T00:21:14.536+08:00  WARN 31488 --- [traffic-api] [main] org.hibernate.orm.deprecation            : HHH90000025: H2Dialect does not need to be specified explicitly using 'hibernate.dialect' (remove the property setting and it will be selected by default)
2025-11-11T00:21:14.559+08:00  INFO 31488 --- [traffic-api] [main] org.hibernate.orm.connections.pooling    : HHH10001005: Database info:
	Database JDBC URL [Connecting through datasource 'HikariDataSource (HikariPool-1)']
	Database driver: undefined/unknown
	Database version: 2.3.232
	Autocommit mode: undefined/unknown
	Isolation level: undefined/unknown
	Minimum pool size: undefined/unknown
	Maximum pool size: undefined/unknown
2025-11-11T00:21:15.247+08:00  INFO 31488 --- [traffic-api] [main] o.h.e.t.j.p.i.JtaPlatformInitiator       : HHH000489: No JTA platform available (set 'hibernate.transaction.jta.platform' to enable JTA platform integration)
2025-11-11T00:21:15.275+08:00  INFO 31488 --- [traffic-api] [main] j.LocalContainerEntityManagerFactoryBean : Initialized JPA EntityManagerFactory for persistence unit 'default'
2025-11-11T00:21:15.540+08:00  WARN 31488 --- [traffic-api] [main] JpaBaseConfiguration$JpaWebConfiguration : spring.jpa.open-in-view is enabled by default. Therefore, database queries may be performed during view rendering. Explicitly configure spring.jpa.open-in-view to disable this warning
2025-11-11T00:21:15.835+08:00  INFO 31488 --- [traffic-api] [main] o.s.b.w.embedded.tomcat.TomcatWebServer  : Tomcat started on port 8080 (http) with context path '/'
2025-11-11T00:21:15.841+08:00  INFO 31488 --- [traffic-api] [main] c.e.traffic_api.TrafficApiApplication    : Started TrafficApiApplication in 3.658 seconds (process running for 3.954)
2025-11-11T00:21:18.441+08:00  INFO 31488 --- [traffic-api] [http-nio-8080-exec-1] o.a.c.c.C.[Tomcat].[localhost].[/]       : Initializing Spring DispatcherServlet 'dispatcherServlet'
2025-11-11T00:21:18.441+08:00  INFO 31488 --- [traffic-api] [http-nio-8080-exec-1] o.s.web.servlet.DispatcherServlet        : Initializing Servlet 'dispatcherServlet'
2025-11-11T00:21:18.443+08:00  INFO 31488 --- [traffic-api] [http-nio-8080-exec-1] o.s.web.servlet.DispatcherServlet        : Completed initialization in 1 ms
2025-11-11T00:25:09.211+08:00  INFO 31488 --- [traffic-api] [SpringApplicationShutdownHook] o.s.b.w.e.tomcat.GracefulShutdown        : Commencing graceful shutdown. Waiting for active requests to complete
2025-11-11T00:25:09.235+08:00  INFO 31488 --- [traffic-api] [tomcat-shutdown] o.s.b.w.e.tomcat.GracefulShutdown        : Graceful shutdown complete
2025-11-11T00:25:09.239+08:00  INFO 31488 --- [traffic-api] [SpringApplicationShutdownHook] j.LocalContainerEntityManagerFactoryBean : Closing JPA EntityManagerFactory for persistence unit 'default'
2025-11-11T00:25:09.244+08:00  INFO 31488 --- [traffic-api] [SpringApplicationShutdownHook] com.zaxxer.hikari.HikariDataSource       : HikariPool-1 - Shutdown initiated...
2025-11-11T00:25:09.247+08:00  INFO 31488 --- [traffic-api] [SpringApplicationShutdownHook] com.zaxxer.hikari.HikariDataSource       : HikariPool-1 - Shutdown completed.
2025-11-11T00:25:24.022+08:00  INFO 29368 --- [traffic-api] [main] c.e.traffic_api.TrafficApiApplication    : Starting TrafficApiApplication using Java 24.0.1 with PID 29368 (C:\Users\cindy\OneDrive\Desktop\專案\台中市交通事故分析系統\backend\traffic-api\target\classes started by cindy in C:\Users\cindy\OneDrive\Desktop\專案\台中市交通事故分析系統\backend\traffic-api)
2025-11-11T00:25:24.024+08:00  INFO 29368 --- [traffic-api] [main] c.e.traffic_api.TrafficApiApplication    : No active profile set, falling back to 1 default profile: "default"
2025-11-11T00:25:24.532+08:00  INFO 29368 --- [traffic-api] [main] .s.d.r.c.RepositoryConfigurationDelegate : Bootstrapping Spring Data JPA repositories in DEFAULT mode.
2025-11-11T00:25:24.584+08:00  INFO 29368 --- [traffic-api] [main] .s.d.r.c.RepositoryConfigurationDelegate : Finished Spring Data repository scanning in 42 ms. Found 1 JPA repository interface.
2025-11-11T00:25:25.036+08:00  INFO 29368 --- [traffic-api] [main] o.s.b.w.embedded.tomcat.TomcatWebServer  : Tomcat initialized with port 8080 (http)
2025-11-11T00:25:25.050+08:00  INFO 29368 --- [traffic-api] [main] o.apache.catalina.core.StandardService   : Starting service [Tomcat]
2025-11-11T00:25:25.051+08:00  INFO 29368 --- [traffic-api] [main] o.apache.catalina.core.StandardEngine    : Starting Servlet engine: [Apache Tomcat/10.1.46]
2025-11-11T00:25:25.101+08:00  INFO 29368 --- [traffic-api] [main] o.a.c.c.C.[Tomcat].[localhost].[/]       : Initializing Spring embedded WebApplicationContext
2025-11-11T00:25:25.102+08:00  INFO 29368 --- [traffic-api] [main] w.s.c.ServletWebServerApplicationContext : Root WebApplicationContext: initialization completed in 1030 ms
2025-11-11T00:25:25.232+08:00  INFO 29368 --- [traffic-api] [main] o.hibernate.jpa.internal.util.LogHelper  : HHH000204: Processing PersistenceUnitInfo [name: default]
2025-11-11T00:25:25.276+08:00  INFO 29368 --- [traffic-api] [main] org.hibernate.Version                    : HHH000412: Hibernate ORM core version 6.6.29.Final
2025-11-11T00:25:25.313+08:00  INFO 29368 --- [traffic-api] [main] o.h.c.internal.RegionFactoryInitiator    : HHH000026: Second-level cache disabled
2025-11-11T00:25:25.552+08:00  INFO 29368 --- [traffic-api] [main] o.s.o.j.p.SpringPersistenceUnitInfo      : No LoadTimeWeaver setup: ignoring JPA class transformer
2025-11-11T00:25:25.578+08:00  INFO 29368 --- [traffic-api] [main] com.zaxxer.hikari.HikariDataSource       : HikariPool-1 - Starting...
2025-11-11T00:25:25.739+08:00  INFO 29368 --- [traffic-api] [main] com.zaxxer.hikari.pool.HikariPool        : HikariPool-1 - Added connection conn0: url=jdbc:h2:mem:testdb user=SA
2025-11-11T00:25:25.740+08:00  INFO 29368 --- [traffic-api] [main] com.zaxxer.hikari.HikariDataSource       : HikariPool-1 - Start completed.
2025-11-11T00:25:25.763+08:00  WARN 29368 --- [traffic-api] [main] org.hibernate.orm.deprecation            : HHH90000025: H2Dialect does not need to be specified explicitly using 'hibernate.dialect' (remove the property setting and it will be selected by default)
2025-11-11T00:25:25.784+08:00  INFO 29368 --- [traffic-api] [main] org.hibernate.orm.connections.pooling    : HHH10001005: Database info:
	Database JDBC URL [Connecting through datasource 'HikariDataSource (HikariPool-1)']
	Database driver: undefined/unknown
	Database version: 2.3.232
	Autocommit mode: undefined/unknown
	Isolation level: undefined/unknown
	Minimum pool size: undefined/unknown
	Maximum pool size: undefined/unknown
2025-11-11T00:25:26.468+08:00  INFO 29368 --- [traffic-api] [main] o.h.e.t.j.p.i.JtaPlatformInitiator       : HHH000489: No JTA platform available (set 'hibernate.transaction.jta.platform' to enable JTA platform integration)
2025-11-11T00:25:26.501+08:00  INFO 29368 --- [traffic-api] [main] j.LocalContainerEntityManagerFactoryBean : Initialized JPA EntityManagerFactory for persistence unit 'default'
2025-11-11T00:25:26.764+08:00  WARN 29368 --- [traffic-api] [main] JpaBaseConfiguration$JpaWebConfiguration : spring.jpa.open-in-view is enabled by default. Therefore, database queries may be performed during view rendering. Explicitly configure spring.jpa.open-in-view to disable this warning
2025-11-11T00:25:27.029+08:00  INFO 29368 --- [traffic-api] [main] o.s.b.w.embedded.tomcat.TomcatWebServer  : Tomcat started on port 8080 (http) with context path '/'
2025-11-11T00:25:27.036+08:00  INFO 29368 --- [traffic-api] [main] c.e.traffic_api.TrafficApiApplication    : Started TrafficApiApplication in 3.417 seconds (process running for 3.732)
2025-11-11T00:26:22.308+08:00  INFO 29368 --- [traffic-api] [http-nio-8080-exec-1] o.a.c.c.C.[Tomcat].[localhost].[/]       : Initializing Spring DispatcherServlet 'dispatcherServlet'
2025-11-11T00:26:22.309+08:00  INFO 29368 --- [traffic-api] [http-nio-8080-exec-1] o.s.web.servlet.DispatcherServlet        : Initializing Servlet 'dispatcherServlet'
2025-11-11T00:26:22.311+08:00  INFO 29368 --- [traffic-api] [http-nio-8080-exec-1] o.s.web.servlet.DispatcherServlet        : Completed initialization in 1 ms
2025-11-11T00:28:26.059+08:00  INFO 29368 --- [traffic-api] [SpringApplicationShutdownHook] o.s.b.w.e.tomcat.GracefulShutdown        : Commencing graceful shutdown. Waiting for active requests to complete
2025-11-11T00:28:26.084+08:00  INFO 29368 --- [traffic-api] [tomcat-shutdown] o.s.b.w.e.tomcat.GracefulShutdown        : Graceful shutdown complete
2025-11-11T00:28:26.089+08:00  INFO 29368 --- [traffic-api] [SpringApplicationShutdownHook] j.LocalContainerEntityManagerFactoryBean : Closing JPA EntityManagerFactory for persistence unit 'default'
2025-11-11T00:28:26.095+08:00  INFO 29368 --- [traffic-api] [SpringApplicationShutdownHook] com.zaxxer.hikari.HikariDataSource       : HikariPool-1 - Shutdown initiated...
2025-11-11T00:28:26.099+08:00  INFO 29368 --- [traffic-api] [SpringApplicationShutdownHook] com.zaxxer.hikari.HikariDataSource       : HikariPool-1 - Shutdown completed.
2025-11-11T00:28:33.729+08:00  INFO 52632 --- [traffic-api] [main] c.e.traffic_api.TrafficApiApplication    : Starting TrafficApiApplication using Java 24.0.1 with PID 52632 (C:\Users\cindy\OneDrive\Desktop\專案\台中市交通事故分析系統\backend\traffic-api\target\classes started by cindy in C:\Users\cindy\OneDrive\Desktop\專案\台中市交通事故分析系統\backend\traffic-api)
2025-11-11T00:28:33.731+08:00  INFO 52632 --- [traffic-api] [main] c.e.traffic_api.TrafficApiApplication    : No active profile set, falling back to 1 default profile: "default"
2025-11-11T00:28:34.238+08:00  INFO 52632 --- [traffic-api] [main] .s.d.r.c.RepositoryConfigurationDelegate : Bootstrapping Spring Data JPA repositories in DEFAULT mode.
2025-11-11T00:28:34.288+08:00  INFO 52632 --- [traffic-api] [main] .s.d.r.c.RepositoryConfigurationDelegate : Finished Spring Data repository scanning in 42 ms. Found 1 JPA repository interface.
2025-11-11T00:28:34.730+08:00  INFO 52632 --- [traffic-api] [main] o.s.b.w.embedded.tomcat.TomcatWebServer  : Tomcat initialized with port 8080 (http)
2025-11-11T00:28:34.743+08:00  INFO 52632 --- [traffic-api] [main] o.apache.catalina.core.StandardService   : Starting service [Tomcat]
2025-11-11T00:28:34.745+08:00  INFO 52632 --- [traffic-api] [main] o.apache.catalina.core.StandardEngine    : Starting Servlet engine: [Apache Tomcat/10.1.46]
2025-11-11T00:28:34.793+08:00  INFO 52632 --- [traffic-api] [main] o.a.c.c.C.[Tomcat].[localhost].[/]       : Initializing Spring embedded WebApplicationContext
2025-11-11T00:28:34.794+08:00  INFO 52632 --- [traffic-api] [main] w.s.c.ServletWebServerApplicationContext : Root WebApplicationContext: initialization completed in 1012 ms
2025-11-11T00:28:34.923+08:00  INFO 52632 --- [traffic-api] [main] o.hibernate.jpa.internal.util.LogHelper  : HHH000204: Processing PersistenceUnitInfo [name: default]
2025-11-11T00:28:34.965+08:00  INFO 52632 --- [traffic-api] [main] org.hibernate.Version                    : HHH000412: Hibernate ORM core version 6.6.29.Final
2025-11-11T00:28:34.998+08:00  INFO 52632 --- [traffic-api] [main] o.h.c.internal.RegionFactoryInitiator    : HHH000026: Second-level cache disabled
2025-11-11T00:28:35.247+08:00  INFO 52632 --- [traffic-api] [main] o.s.o.j.p.SpringPersistenceUnitInfo      : No LoadTimeWeaver setup: ignoring JPA class transformer
2025-11-11T00:28:35.274+08:00  INFO 52632 --- [traffic-api] [main] com.zaxxer.hikari.HikariDataSource       : HikariPool-1 - Starting...
2025-11-11T00:28:35.442+08:00  INFO 52632 --- [traffic-api] [main] com.zaxxer.hikari.pool.HikariPool        : HikariPool-1 - Added connection conn0: url=jdbc:h2:mem:testdb user=SA
2025-11-11T00:28:35.444+08:00  INFO 52632 --- [traffic-api] [main] com.zaxxer.hikari.HikariDataSource       : HikariPool-1 - Start completed.
2025-11-11T00:28:35.463+08:00  WARN 52632 --- [traffic-api] [main] org.hibernate.orm.deprecation            : HHH90000025: H2Dialect does not need to be specified explicitly using 'hibernate.dialect' (remove the property setting and it will be selected by default)
2025-11-11T00:28:35.483+08:00  INFO 52632 --- [traffic-api] [main] org.hibernate.orm.connections.pooling    : HHH10001005: Database info:
	Database JDBC URL [Connecting through datasource 'HikariDataSource (HikariPool-1)']
	Database driver: undefined/unknown
	Database version: 2.3.232
	Autocommit mode: undefined/unknown
	Isolation level: undefined/unknown
	Minimum pool size: undefined/unknown
	Maximum pool size: undefined/unknown
2025-11-11T00:28:36.125+08:00  INFO 52632 --- [traffic-api] [main] o.h.e.t.j.p.i.JtaPlatformInitiator       : HHH000489: No JTA platform available (set 'hibernate.transaction.jta.platform' to enable JTA platform integration)
2025-11-11T00:28:36.155+08:00  INFO 52632 --- [traffic-api] [main] j.LocalContainerEntityManagerFactoryBean : Initialized JPA EntityManagerFactory for persistence unit 'default'
2025-11-11T00:28:36.444+08:00  WARN 52632 --- [traffic-api] [main] JpaBaseConfiguration$JpaWebConfiguration : spring.jpa.open-in-view is enabled by default. Therefore, database queries may be performed during view rendering. Explicitly configure spring.jpa.open-in-view to disable this warning
2025-11-11T00:28:36.751+08:00  INFO 52632 --- [traffic-api] [main] o.s.b.w.embedded.tomcat.TomcatWebServer  : Tomcat started on port 8080 (http) with context path '/'
2025-11-11T00:28:36.758+08:00  INFO 52632 --- [traffic-api] [main] c.e.traffic_api.TrafficApiApplication    : Started TrafficApiApplication in 3.436 seconds (process running for 3.741)
2025-11-11T00:29:05.119+08:00  INFO 52632 --- [traffic-api] [http-nio-8080-exec-1] o.a.c.c.C.[Tomcat].[localhost].[/]       : Initializing Spring DispatcherServlet 'dispatcherServlet'
2025-11-11T00:29:05.120+08:00  INFO 52632 --- [traffic-api] [http-nio-8080-exec-1] o.s.web.servlet.DispatcherServlet        : Initializing Servlet 'dispatcherServlet'
2025-11-11T00:29:05.122+08:00  INFO 52632 --- [traffic-api] [http-nio-8080-exec-1] o.s.web.servlet.DispatcherServlet        : Completed initialization in 1 ms
2025-11-11T00:32:58.785+08:00  INFO 52632 --- [traffic-api] [SpringApplicationShutdownHook] o.s.b.w.e.tomcat.GracefulShutdown        : Commencing graceful shutdown. Waiting for active requests to complete
2025-11-11T00:32:58.805+08:00  INFO 52632 --- [traffic-api] [tomcat-shutdown] o.s.b.w.e.tomcat.GracefulShutdown        : Graceful shutdown complete
2025-11-11T00:32:58.809+08:00  INFO 52632 --- [traffic-api] [SpringApplicationShutdownHook] j.LocalContainerEntityManagerFactoryBean : Closing JPA EntityManagerFactory for persistence unit 'default'
2025-11-11T00:32:58.814+08:00  INFO 52632 --- [traffic-api] [SpringApplicationShutdownHook] com.zaxxer.hikari.HikariDataSource       : HikariPool-1 - Shutdown initiated...
2025-11-11T00:32:58.817+08:00  INFO 52632 --- [traffic-api] [SpringApplicationShutdownHook] com.zaxxer.hikari.HikariDataSource       : HikariPool-1 - Shutdown completed.
2025-11-11T00:33:07.221+08:00  INFO 31316 --- [traffic-api] [main] c.e.traffic_api.TrafficApiApplication    : Starting TrafficApiApplication using Java 24.0.1 with PID 31316 (C:\Users\cindy\OneDrive\Desktop\專案\台中市交通事故分析系統\backend\traffic-api\target\classes started by cindy in C:\Users\cindy\OneDrive\Desktop\專案\台中市交通事故分析系統\backend\traffic-api)
2025-11-11T00:33:07.224+08:00  INFO 31316 --- [traffic-api] [main] c.e.traffic_api.TrafficApiApplication    : No active profile set, falling back to 1 default profile: "default"
2025-11-11T00:33:07.781+08:00  INFO 31316 --- [traffic-api] [main] .s.d.r.c.RepositoryConfigurationDelegate : Bootstrapping Spring Data JPA repositories in DEFAULT mode.
2025-11-11T00:33:07.828+08:00  INFO 31316 --- [traffic-api] [main] .s.d.r.c.RepositoryConfigurationDelegate : Finished Spring Data repository scanning in 40 ms. Found 1 JPA repository interface.
2025-11-11T00:33:08.273+08:00  INFO 31316 --- [traffic-api] [main] o.s.b.w.embedded.tomcat.TomcatWebServer  : Tomcat initialized with port 8080 (http)
2025-11-11T00:33:08.287+08:00  INFO 31316 --- [traffic-api] [main] o.apache.catalina.core.StandardService   : Starting service [Tomcat]
2025-11-11T00:33:08.289+08:00  INFO 31316 --- [traffic-api] [main] o.apache.catalina.core.StandardEngine    : Starting Servlet engine: [Apache Tomcat/10.1.46]
2025-11-11T00:33:08.338+08:00  INFO 31316 --- [traffic-api] [main] o.a.c.c.C.[Tomcat].[localhost].[/]       : Initializing Spring embedded WebApplicationContext
2025-11-11T00:33:08.340+08:00  INFO 31316 --- [traffic-api] [main] w.s.c.ServletWebServerApplicationContext : Root WebApplicationContext: initialization completed in 1068 ms
2025-11-11T00:33:08.471+08:00  INFO 31316 --- [traffic-api] [main] o.hibernate.jpa.internal.util.LogHelper  : HHH000204: Processing PersistenceUnitInfo [name: default]
2025-11-11T00:33:08.519+08:00  INFO 31316 --- [traffic-api] [main] org.hibernate.Version                    : HHH000412: Hibernate ORM core version 6.6.29.Final
2025-11-11T00:33:08.555+08:00  INFO 31316 --- [traffic-api] [main] o.h.c.internal.RegionFactoryInitiator    : HHH000026: Second-level cache disabled
2025-11-11T00:33:08.792+08:00  INFO 31316 --- [traffic-api] [main] o.s.o.j.p.SpringPersistenceUnitInfo      : No LoadTimeWeaver setup: ignoring JPA class transformer
2025-11-11T00:33:08.818+08:00  INFO 31316 --- [traffic-api] [main] com.zaxxer.hikari.HikariDataSource       : HikariPool-1 - Starting...
2025-11-11T00:33:08.977+08:00  INFO 31316 --- [traffic-api] [main] com.zaxxer.hikari.pool.HikariPool        : HikariPool-1 - Added connection conn0: url=jdbc:h2:mem:testdb user=SA
2025-11-11T00:33:08.978+08:00  INFO 31316 --- [traffic-api] [main] com.zaxxer.hikari.HikariDataSource       : HikariPool-1 - Start completed.
2025-11-11T00:33:08.997+08:00  WARN 31316 --- [traffic-api] [main] org.hibernate.orm.deprecation            : HHH90000025: H2Dialect does not need to be specified explicitly using 'hibernate.dialect' (remove the property setting and it will be selected by default)
2025-11-11T00:33:09.018+08:00  INFO 31316 --- [traffic-api] [main] org.hibernate.orm.connections.pooling    : HHH10001005: Database info:
	Database JDBC URL [Connecting through datasource 'HikariDataSource (HikariPool-1)']
	Database driver: undefined/unknown
	Database version: 2.3.232
	Autocommit mode: undefined/unknown
	Isolation level: undefined/unknown
	Minimum pool size: undefined/unknown
	Maximum pool size: undefined/unknown
2025-11-11T00:33:09.665+08:00  INFO 31316 --- [traffic-api] [main] o.h.e.t.j.p.i.JtaPlatformInitiator       : HHH000489: No JTA platform available (set 'hibernate.transaction.jta.platform' to enable JTA platform integration)
2025-11-11T00:33:09.697+08:00  INFO 31316 --- [traffic-api] [main] j.LocalContainerEntityManagerFactoryBean : Initialized JPA EntityManagerFactory for persistence unit 'default'
2025-11-11T00:33:09.956+08:00  WARN 31316 --- [traffic-api] [main] JpaBaseConfiguration$JpaWebConfiguration : spring.jpa.open-in-view is enabled by default. Therefore, database queries may be performed during view rendering. Explicitly configure spring.jpa.open-in-view to disable this warning
2025-11-11T00:33:10.218+08:00  INFO 31316 --- [traffic-api] [main] o.s.b.w.embedded.tomcat.TomcatWebServer  : Tomcat started on port 8080 (http) with context path '/'
2025-11-11T00:33:10.225+08:00  INFO 31316 --- [traffic-api] [main] c.e.traffic_api.TrafficApiApplication    : Started TrafficApiApplication in 3.429 seconds (process running for 3.753)
2025-11-11T00:33:30.420+08:00  INFO 31316 --- [traffic-api] [http-nio-8080-exec-1] o.a.c.c.C.[Tomcat].[localhost].[/]       : Initializing Spring DispatcherServlet 'dispatcherServlet'
2025-11-11T00:33:30.421+08:00  INFO 31316 --- [traffic-api] [http-nio-8080-exec-1] o.s.web.servlet.DispatcherServlet        : Initializing Servlet 'dispatcherServlet'
2025-11-11T00:33:30.424+08:00  INFO 31316 --- [traffic-api] [http-nio-8080-exec-1] o.s.web.servlet.DispatcherServlet        : Completed initialization in 3 ms
2025-11-11T00:39:09.999+08:00  INFO 31316 --- [traffic-api] [SpringApplicationShutdownHook] o.s.b.w.e.tomcat.GracefulShutdown        : Commencing graceful shutdown. Waiting for active requests to complete
2025-11-11T00:39:10.015+08:00  INFO 31316 --- [traffic-api] [tomcat-shutdown] o.s.b.w.e.tomcat.GracefulShutdown        : Graceful shutdown complete
2025-11-11T00:39:10.018+08:00  INFO 31316 --- [traffic-api] [SpringApplicationShutdownHook] j.LocalContainerEntityManagerFactoryBean : Closing JPA EntityManagerFactory for persistence unit 'default'
2025-11-11T00:39:10.023+08:00  INFO 31316 --- [traffic-api] [SpringApplicationShutdownHook] com.zaxxer.hikari.HikariDataSource       : HikariPool-1 - Shutdown initiated...
2025-11-11T00:39:10.027+08:00  INFO 31316 --- [traffic-api] [SpringApplicationShutdownHook] com.zaxxer.hikari.HikariDataSource       : HikariPool-1 - Shutdown completed.
